{"C:\\Users\\ehb27\\Documents\\GitHub\\COSC4353\\server\\app.js": {"path":"C:\\Users\\ehb27\\Documents\\GitHub\\COSC4353\\server\\app.js","statementMap":{"0":{"start":{"line":10,"column":0},"end":{"line":10,"column":15}},"1":{"start":{"line":18,"column":12},"end":{"line":18,"column":21}},"2":{"start":{"line":19,"column":0},"end":{"line":19,"column":15}},"3":{"start":{"line":20,"column":0},"end":{"line":20,"column":23}},"4":{"start":{"line":21,"column":0},"end":{"line":21,"column":24}},"5":{"start":{"line":22,"column":0},"end":{"line":22,"column":33}},"6":{"start":{"line":23,"column":0},"end":{"line":23,"column":35}},"7":{"start":{"line":24,"column":0},"end":{"line":24,"column":38}},"8":{"start":{"line":26,"column":0},"end":{"line":26,"column":38}},"9":{"start":{"line":26,"column":20},"end":{"line":26,"column":36}},"10":{"start":{"line":30,"column":4},"end":{"line":30,"column":128}}},"fnMap":{"0":{"name":"(anonymous_0)","decl":{"start":{"line":26,"column":13},"end":{"line":26,"column":14}},"loc":{"start":{"line":26,"column":20},"end":{"line":26,"column":36}},"line":26},"1":{"name":"main","decl":{"start":{"line":28,"column":15},"end":{"line":28,"column":19}},"loc":{"start":{"line":28,"column":22},"end":{"line":31,"column":1}},"line":28}},"branchMap":{},"s":{"0":3,"1":3,"2":3,"3":3,"4":3,"5":3,"6":3,"7":3,"8":3,"9":0,"10":3},"f":{"0":0,"1":3},"b":{},"_coverageSchema":"1a1c01bbd47fc00a2c39e90264f33305004495a9","hash":"b6c6c50bc0992a395d522159d9711f9b677d1aab"}
,"C:\\Users\\ehb27\\Documents\\GitHub\\COSC4353\\server\\controller\\auth.js": {"path":"C:\\Users\\ehb27\\Documents\\GitHub\\COSC4353\\server\\controller\\auth.js","statementMap":{"0":{"start":{"line":7,"column":24},"end":{"line":45,"column":1}},"1":{"start":{"line":8,"column":4},"end":{"line":44,"column":5}},"2":{"start":{"line":14,"column":13},"end":{"line":14,"column":21}},"3":{"start":{"line":16,"column":27},"end":{"line":16,"column":60}},"4":{"start":{"line":18,"column":8},"end":{"line":40,"column":9}},"5":{"start":{"line":21,"column":12},"end":{"line":21,"column":46}},"6":{"start":{"line":24,"column":28},"end":{"line":28,"column":14}},"7":{"start":{"line":31,"column":30},"end":{"line":31,"column":50}},"8":{"start":{"line":33,"column":12},"end":{"line":33,"column":28}},"9":{"start":{"line":34,"column":12},"end":{"line":34,"column":39}},"10":{"start":{"line":38,"column":13},"end":{"line":38,"column":29}},"11":{"start":{"line":39,"column":13},"end":{"line":39,"column":48}},"12":{"start":{"line":47,"column":21},"end":{"line":84,"column":1}},"13":{"start":{"line":48,"column":4},"end":{"line":82,"column":5}},"14":{"start":{"line":50,"column":26},"end":{"line":50,"column":34}},"15":{"start":{"line":53,"column":26},"end":{"line":53,"column":78}},"16":{"start":{"line":55,"column":8},"end":{"line":59,"column":9}},"17":{"start":{"line":57,"column":12},"end":{"line":57,"column":46}},"18":{"start":{"line":58,"column":12},"end":{"line":58,"column":65}},"19":{"start":{"line":62,"column":35},"end":{"line":62,"column":91}},"20":{"start":{"line":64,"column":8},"end":{"line":68,"column":9}},"21":{"start":{"line":66,"column":12},"end":{"line":66,"column":48}},"22":{"start":{"line":67,"column":12},"end":{"line":67,"column":64}},"23":{"start":{"line":70,"column":8},"end":{"line":70,"column":44}},"24":{"start":{"line":71,"column":8},"end":{"line":71,"column":34}},"25":{"start":{"line":74,"column":22},"end":{"line":74,"column":62}},"26":{"start":{"line":75,"column":8},"end":{"line":77,"column":10}},"27":{"start":{"line":78,"column":8},"end":{"line":78,"column":39}},"28":{"start":{"line":81,"column":8},"end":{"line":81,"column":34}},"29":{"start":{"line":86,"column":23},"end":{"line":118,"column":1}},"30":{"start":{"line":87,"column":4},"end":{"line":116,"column":5}},"31":{"start":{"line":88,"column":69},"end":{"line":88,"column":77}},"32":{"start":{"line":90,"column":26},"end":{"line":90,"column":66}},"33":{"start":{"line":91,"column":8},"end":{"line":94,"column":9}},"34":{"start":{"line":93,"column":12},"end":{"line":93,"column":65}},"35":{"start":{"line":97,"column":28},"end":{"line":105,"column":10}},"36":{"start":{"line":108,"column":8},"end":{"line":108,"column":72}},"37":{"start":{"line":110,"column":30},"end":{"line":110,"column":54}},"38":{"start":{"line":112,"column":8},"end":{"line":112,"column":44}},"39":{"start":{"line":115,"column":8},"end":{"line":115,"column":34}},"40":{"start":{"line":121,"column":22},"end":{"line":126,"column":1}},"41":{"start":{"line":122,"column":12},"end":{"line":125,"column":50}}},"fnMap":{"0":{"name":"(anonymous_0)","decl":{"start":{"line":7,"column":24},"end":{"line":7,"column":25}},"loc":{"start":{"line":7,"column":42},"end":{"line":45,"column":1}},"line":7},"1":{"name":"(anonymous_1)","decl":{"start":{"line":47,"column":21},"end":{"line":47,"column":22}},"loc":{"start":{"line":47,"column":39},"end":{"line":84,"column":1}},"line":47},"2":{"name":"(anonymous_2)","decl":{"start":{"line":86,"column":23},"end":{"line":86,"column":24}},"loc":{"start":{"line":86,"column":41},"end":{"line":118,"column":1}},"line":86},"3":{"name":"(anonymous_3)","decl":{"start":{"line":121,"column":22},"end":{"line":121,"column":23}},"loc":{"start":{"line":121,"column":35},"end":{"line":126,"column":1}},"line":121}},"branchMap":{"0":{"loc":{"start":{"line":18,"column":8},"end":{"line":40,"column":9}},"type":"if","locations":[{"start":{"line":18,"column":8},"end":{"line":40,"column":9}},{"start":{"line":37,"column":8},"end":{"line":40,"column":9}}],"line":18},"1":{"loc":{"start":{"line":55,"column":8},"end":{"line":59,"column":9}},"type":"if","locations":[{"start":{"line":55,"column":8},"end":{"line":59,"column":9}},{"start":{},"end":{}}],"line":55},"2":{"loc":{"start":{"line":64,"column":8},"end":{"line":68,"column":9}},"type":"if","locations":[{"start":{"line":64,"column":8},"end":{"line":68,"column":9}},{"start":{},"end":{}}],"line":64},"3":{"loc":{"start":{"line":91,"column":8},"end":{"line":94,"column":9}},"type":"if","locations":[{"start":{"line":91,"column":8},"end":{"line":94,"column":9}},{"start":{},"end":{}}],"line":91}},"s":{"0":3,"1":2,"2":2,"3":2,"4":2,"5":1,"6":1,"7":1,"8":1,"9":1,"10":1,"11":1,"12":3,"13":3,"14":3,"15":3,"16":3,"17":2,"18":2,"19":1,"20":1,"21":0,"22":0,"23":1,"24":1,"25":1,"26":1,"27":1,"28":0,"29":3,"30":2,"31":2,"32":2,"33":2,"34":1,"35":1,"36":1,"37":1,"38":1,"39":0,"40":3,"41":0},"f":{"0":2,"1":3,"2":2,"3":0},"b":{"0":[1,1],"1":[2,1],"2":[0,1],"3":[1,1]},"_coverageSchema":"1a1c01bbd47fc00a2c39e90264f33305004495a9","hash":"950d7e841e75769bff3381e2be47030c3df9f03c"}
,"C:\\Users\\ehb27\\Documents\\GitHub\\COSC4353\\server\\controller\\forms.js": {"path":"C:\\Users\\ehb27\\Documents\\GitHub\\COSC4353\\server\\controller\\forms.js","statementMap":{"0":{"start":{"line":6,"column":26},"end":{"line":18,"column":1}},"1":{"start":{"line":7,"column":4},"end":{"line":17,"column":5}},"2":{"start":{"line":8,"column":20},"end":{"line":8,"column":39}},"3":{"start":{"line":9,"column":8},"end":{"line":9,"column":27}},"4":{"start":{"line":11,"column":25},"end":{"line":11,"column":43}},"5":{"start":{"line":13,"column":8},"end":{"line":13,"column":48}},"6":{"start":{"line":16,"column":8},"end":{"line":16,"column":32}}},"fnMap":{"0":{"name":"(anonymous_0)","decl":{"start":{"line":6,"column":26},"end":{"line":6,"column":27}},"loc":{"start":{"line":6,"column":45},"end":{"line":18,"column":1}},"line":6}},"branchMap":{},"s":{"0":3,"1":5,"2":5,"3":5,"4":5,"5":3,"6":2},"f":{"0":5},"b":{},"_coverageSchema":"1a1c01bbd47fc00a2c39e90264f33305004495a9","hash":"b18de5922a2dea70dec0f8245047ee4eb68bfc8e"}
,"C:\\Users\\ehb27\\Documents\\GitHub\\COSC4353\\server\\middleware\\formValidate.js": {"path":"C:\\Users\\ehb27\\Documents\\GitHub\\COSC4353\\server\\middleware\\formValidate.js","statementMap":{"0":{"start":{"line":3,"column":4},"end":{"line":16,"column":5}},"1":{"start":{"line":4,"column":8},"end":{"line":15,"column":9}},"2":{"start":{"line":5,"column":30},"end":{"line":5,"column":61}},"3":{"start":{"line":6,"column":12},"end":{"line":6,"column":32}},"4":{"start":{"line":8,"column":12},"end":{"line":8,"column":45}},"5":{"start":{"line":9,"column":12},"end":{"line":9,"column":18}},"6":{"start":{"line":12,"column":12},"end":{"line":12,"column":27}},"7":{"start":{"line":13,"column":12},"end":{"line":13,"column":18}}},"fnMap":{"0":{"name":"validate","decl":{"start":{"line":2,"column":9},"end":{"line":2,"column":17}},"loc":{"start":{"line":2,"column":26},"end":{"line":17,"column":1}},"line":2},"1":{"name":"(anonymous_1)","decl":{"start":{"line":3,"column":11},"end":{"line":3,"column":12}},"loc":{"start":{"line":3,"column":37},"end":{"line":16,"column":5}},"line":3}},"branchMap":{},"s":{"0":3,"1":5,"2":5,"3":4,"4":4,"5":4,"6":1,"7":1},"f":{"0":3,"1":5},"b":{},"_coverageSchema":"1a1c01bbd47fc00a2c39e90264f33305004495a9","hash":"177f64f2fb9e1d7ae8169d134fe143aa81c4f580"}
,"C:\\Users\\ehb27\\Documents\\GitHub\\COSC4353\\server\\middleware\\validate.js": {"path":"C:\\Users\\ehb27\\Documents\\GitHub\\COSC4353\\server\\middleware\\validate.js","statementMap":{"0":{"start":{"line":4,"column":2},"end":{"line":16,"column":4}},"1":{"start":{"line":5,"column":4},"end":{"line":15,"column":5}},"2":{"start":{"line":6,"column":28},"end":{"line":6,"column":59}},"3":{"start":{"line":9,"column":6},"end":{"line":9,"column":31}},"4":{"start":{"line":10,"column":6},"end":{"line":10,"column":40}},"5":{"start":{"line":11,"column":6},"end":{"line":11,"column":13}},"6":{"start":{"line":13,"column":6},"end":{"line":13,"column":36}},"7":{"start":{"line":14,"column":6},"end":{"line":14,"column":13}}},"fnMap":{"0":{"name":"validate","decl":{"start":{"line":3,"column":9},"end":{"line":3,"column":17}},"loc":{"start":{"line":3,"column":26},"end":{"line":17,"column":1}},"line":3},"1":{"name":"(anonymous_1)","decl":{"start":{"line":4,"column":9},"end":{"line":4,"column":10}},"loc":{"start":{"line":4,"column":35},"end":{"line":16,"column":3}},"line":4}},"branchMap":{},"s":{"0":6,"1":4,"2":4,"3":4,"4":4,"5":4,"6":0,"7":0},"f":{"0":6,"1":4},"b":{},"_coverageSchema":"1a1c01bbd47fc00a2c39e90264f33305004495a9","hash":"2c865f0ff2de87d907718000283e3a589275e76d"}
,"C:\\Users\\ehb27\\Documents\\GitHub\\COSC4353\\server\\models\\User.js": {"path":"C:\\Users\\ehb27\\Documents\\GitHub\\COSC4353\\server\\models\\User.js","statementMap":{"0":{"start":{"line":4,"column":19},"end":{"line":23,"column":1}},"1":{"start":{"line":25,"column":13},"end":{"line":25,"column":47}}},"fnMap":{},"branchMap":{},"s":{"0":3,"1":3},"f":{},"b":{},"_coverageSchema":"1a1c01bbd47fc00a2c39e90264f33305004495a9","hash":"97f3a4fc628f525b343b429b61efaa84d64a8c7a"}
,"C:\\Users\\ehb27\\Documents\\GitHub\\COSC4353\\server\\models\\quote.js": {"path":"C:\\Users\\ehb27\\Documents\\GitHub\\COSC4353\\server\\models\\quote.js","statementMap":{"0":{"start":{"line":3,"column":20},"end":{"line":37,"column":2}}},"fnMap":{},"branchMap":{},"s":{"0":3},"f":{},"b":{},"_coverageSchema":"1a1c01bbd47fc00a2c39e90264f33305004495a9","hash":"10d75270e83ca08bd3554cb3378ec335ea466678"}
,"C:\\Users\\ehb27\\Documents\\GitHub\\COSC4353\\server\\models\\userInfo.js": {"path":"C:\\Users\\ehb27\\Documents\\GitHub\\COSC4353\\server\\models\\userInfo.js","statementMap":{"0":{"start":{"line":4,"column":23},"end":{"line":45,"column":1}},"1":{"start":{"line":47,"column":17},"end":{"line":47,"column":59}}},"fnMap":{},"branchMap":{},"s":{"0":3,"1":3},"f":{},"b":{},"_coverageSchema":"1a1c01bbd47fc00a2c39e90264f33305004495a9","hash":"fbdfb618c41b2eb93bfe7f2bb3c3ef50d32f781a"}
,"C:\\Users\\ehb27\\Documents\\GitHub\\COSC4353\\server\\routes\\auth.js": {"path":"C:\\Users\\ehb27\\Documents\\GitHub\\COSC4353\\server\\routes\\auth.js","statementMap":{"0":{"start":{"line":8,"column":15},"end":{"line":8,"column":31}},"1":{"start":{"line":10,"column":0},"end":{"line":10,"column":55}},"2":{"start":{"line":11,"column":0},"end":{"line":11,"column":29}},"3":{"start":{"line":12,"column":0},"end":{"line":12,"column":31}},"4":{"start":{"line":13,"column":0},"end":{"line":13,"column":57}}},"fnMap":{},"branchMap":{},"s":{"0":3,"1":3,"2":3,"3":3,"4":3},"f":{},"b":{},"_coverageSchema":"1a1c01bbd47fc00a2c39e90264f33305004495a9","hash":"ba87852908e5a9ab590b635d45685e0feb80918d"}
,"C:\\Users\\ehb27\\Documents\\GitHub\\COSC4353\\server\\routes\\data.js": {"path":"C:\\Users\\ehb27\\Documents\\GitHub\\COSC4353\\server\\routes\\data.js","statementMap":{"0":{"start":{"line":4,"column":15},"end":{"line":4,"column":31}},"1":{"start":{"line":8,"column":0},"end":{"line":47,"column":2}},"2":{"start":{"line":9,"column":17},"end":{"line":9,"column":27}},"3":{"start":{"line":10,"column":4},"end":{"line":10,"column":24}},"4":{"start":{"line":11,"column":17},"end":{"line":11,"column":19}},"5":{"start":{"line":12,"column":4},"end":{"line":12,"column":19}},"6":{"start":{"line":14,"column":22},"end":{"line":14,"column":59}},"7":{"start":{"line":17,"column":4},"end":{"line":46,"column":5}},"8":{"start":{"line":19,"column":12},"end":{"line":19,"column":60}},"9":{"start":{"line":20,"column":12},"end":{"line":20,"column":73}},"10":{"start":{"line":23,"column":8},"end":{"line":23,"column":49}},"11":{"start":{"line":44,"column":8},"end":{"line":44,"column":24}},"12":{"start":{"line":45,"column":8},"end":{"line":45,"column":32}}},"fnMap":{"0":{"name":"(anonymous_0)","decl":{"start":{"line":8,"column":26},"end":{"line":8,"column":27}},"loc":{"start":{"line":8,"column":45},"end":{"line":47,"column":1}},"line":8}},"branchMap":{"0":{"loc":{"start":{"line":17,"column":4},"end":{"line":46,"column":5}},"type":"if","locations":[{"start":{"line":17,"column":4},"end":{"line":46,"column":5}},{"start":{"line":22,"column":8},"end":{"line":46,"column":5}}],"line":17}},"s":{"0":3,"1":3,"2":2,"3":2,"4":2,"5":2,"6":2,"7":2,"8":2,"9":2,"10":0,"11":0,"12":0},"f":{"0":2},"b":{"0":[2,0]},"_coverageSchema":"1a1c01bbd47fc00a2c39e90264f33305004495a9","hash":"95179ed13b543d373d38a4fd770590ce736792d8"}
,"C:\\Users\\ehb27\\Documents\\GitHub\\COSC4353\\server\\routes\\form.js": {"path":"C:\\Users\\ehb27\\Documents\\GitHub\\COSC4353\\server\\routes\\form.js","statementMap":{"0":{"start":{"line":7,"column":15},"end":{"line":7,"column":31}},"1":{"start":{"line":10,"column":0},"end":{"line":10,"column":67}}},"fnMap":{},"branchMap":{},"s":{"0":3,"1":3},"f":{},"b":{},"_coverageSchema":"1a1c01bbd47fc00a2c39e90264f33305004495a9","hash":"7cb94275582f7cb6068fd3a24f1b86781688051c"}
,"C:\\Users\\ehb27\\Documents\\GitHub\\COSC4353\\server\\schemas\\accInfoSchema.js": {"path":"C:\\Users\\ehb27\\Documents\\GitHub\\COSC4353\\server\\schemas\\accInfoSchema.js","statementMap":{"0":{"start":{"line":3,"column":20},"end":{"line":10,"column":2}}},"fnMap":{},"branchMap":{},"s":{"0":3},"f":{},"b":{},"_coverageSchema":"1a1c01bbd47fc00a2c39e90264f33305004495a9","hash":"3e907c64735fb55705d36d209b6748d82062b033"}
,"C:\\Users\\ehb27\\Documents\\GitHub\\COSC4353\\server\\schemas\\loginSchema.js": {"path":"C:\\Users\\ehb27\\Documents\\GitHub\\COSC4353\\server\\schemas\\loginSchema.js","statementMap":{"0":{"start":{"line":3,"column":18},"end":{"line":6,"column":2}}},"fnMap":{},"branchMap":{},"s":{"0":3},"f":{},"b":{},"_coverageSchema":"1a1c01bbd47fc00a2c39e90264f33305004495a9","hash":"296fffae07543171db18141dd70bb920ed56ab2c"}
,"C:\\Users\\ehb27\\Documents\\GitHub\\COSC4353\\server\\schemas\\quoteFormSchema.js": {"path":"C:\\Users\\ehb27\\Documents\\GitHub\\COSC4353\\server\\schemas\\quoteFormSchema.js","statementMap":{"0":{"start":{"line":3,"column":22},"end":{"line":10,"column":2}}},"fnMap":{},"branchMap":{},"s":{"0":3},"f":{},"b":{},"_coverageSchema":"1a1c01bbd47fc00a2c39e90264f33305004495a9","hash":"446c316c57a0e61e089f39e2338204197c62373a"}
,"C:\\Users\\ehb27\\Documents\\GitHub\\COSC4353\\server\\schemas\\regSchema.js": {"path":"C:\\Users\\ehb27\\Documents\\GitHub\\COSC4353\\server\\schemas\\regSchema.js","statementMap":{"0":{"start":{"line":10,"column":16},"end":{"line":15,"column":2}}},"fnMap":{},"branchMap":{},"s":{"0":3},"f":{},"b":{},"_coverageSchema":"1a1c01bbd47fc00a2c39e90264f33305004495a9","hash":"cc3c7539d46ed4c42ca93f60c37ecc26608e3798"}
,"C:\\Users\\ehb27\\Documents\\GitHub\\COSC4353\\server\\utils\\helpers.js": {"path":"C:\\Users\\ehb27\\Documents\\GitHub\\COSC4353\\server\\utils\\helpers.js","statementMap":{"0":{"start":{"line":5,"column":28},"end":{"line":8,"column":3}},"1":{"start":{"line":6,"column":17},"end":{"line":6,"column":39}},"2":{"start":{"line":7,"column":4},"end":{"line":7,"column":43}},"3":{"start":{"line":10,"column":31},"end":{"line":12,"column":3}},"4":{"start":{"line":11,"column":4},"end":{"line":11,"column":41}}},"fnMap":{"0":{"name":"(anonymous_0)","decl":{"start":{"line":5,"column":28},"end":{"line":5,"column":29}},"loc":{"start":{"line":5,"column":42},"end":{"line":8,"column":3}},"line":5},"1":{"name":"(anonymous_1)","decl":{"start":{"line":10,"column":31},"end":{"line":10,"column":32}},"loc":{"start":{"line":10,"column":46},"end":{"line":12,"column":3}},"line":10}},"branchMap":{},"s":{"0":3,"1":1,"2":1,"3":3,"4":1},"f":{"0":1,"1":1},"b":{},"_coverageSchema":"1a1c01bbd47fc00a2c39e90264f33305004495a9","hash":"923b928d9759c904f0a4f857100b1d6ab81522b6"}
}
