{"C:\\Users\\ehb27\\Documents\\GitHub\\COSC4353\\server\\app.js": {"path":"C:\\Users\\ehb27\\Documents\\GitHub\\COSC4353\\server\\app.js","statementMap":{"0":{"start":{"line":10,"column":12},"end":{"line":10,"column":21}},"1":{"start":{"line":11,"column":0},"end":{"line":11,"column":15}},"2":{"start":{"line":12,"column":0},"end":{"line":12,"column":23}},"3":{"start":{"line":13,"column":0},"end":{"line":13,"column":24}},"4":{"start":{"line":15,"column":0},"end":{"line":15,"column":35}},"5":{"start":{"line":16,"column":0},"end":{"line":16,"column":38}},"6":{"start":{"line":18,"column":0},"end":{"line":18,"column":38}},"7":{"start":{"line":18,"column":20},"end":{"line":18,"column":36}},"8":{"start":{"line":21,"column":4},"end":{"line":21,"column":67}}},"fnMap":{"0":{"name":"(anonymous_0)","decl":{"start":{"line":18,"column":13},"end":{"line":18,"column":14}},"loc":{"start":{"line":18,"column":20},"end":{"line":18,"column":36}},"line":18},"1":{"name":"main","decl":{"start":{"line":20,"column":15},"end":{"line":20,"column":19}},"loc":{"start":{"line":20,"column":22},"end":{"line":22,"column":1}},"line":20}},"branchMap":{},"s":{"0":1,"1":1,"2":1,"3":1,"4":1,"5":1,"6":1,"7":0,"8":1},"f":{"0":0,"1":1},"b":{},"_coverageSchema":"1a1c01bbd47fc00a2c39e90264f33305004495a9","hash":"8d2cb2f1a37c1ad5d671a0c790fdf3e529d500f1"}
,"C:\\Users\\ehb27\\Documents\\GitHub\\COSC4353\\server\\controller\\auth.js": {"path":"C:\\Users\\ehb27\\Documents\\GitHub\\COSC4353\\server\\controller\\auth.js","statementMap":{"0":{"start":{"line":7,"column":24},"end":{"line":50,"column":1}},"1":{"start":{"line":8,"column":4},"end":{"line":49,"column":5}},"2":{"start":{"line":14,"column":13},"end":{"line":14,"column":21}},"3":{"start":{"line":16,"column":8},"end":{"line":16,"column":26}},"4":{"start":{"line":17,"column":27},"end":{"line":17,"column":60}},"5":{"start":{"line":20,"column":8},"end":{"line":45,"column":9}},"6":{"start":{"line":25,"column":16},"end":{"line":25,"column":50}},"7":{"start":{"line":28,"column":28},"end":{"line":32,"column":14}},"8":{"start":{"line":36,"column":30},"end":{"line":36,"column":50}},"9":{"start":{"line":38,"column":12},"end":{"line":38,"column":28}},"10":{"start":{"line":39,"column":12},"end":{"line":39,"column":39}},"11":{"start":{"line":43,"column":13},"end":{"line":43,"column":29}},"12":{"start":{"line":44,"column":13},"end":{"line":44,"column":48}},"13":{"start":{"line":52,"column":21},"end":{"line":91,"column":1}},"14":{"start":{"line":53,"column":4},"end":{"line":89,"column":5}},"15":{"start":{"line":55,"column":26},"end":{"line":55,"column":34}},"16":{"start":{"line":59,"column":26},"end":{"line":59,"column":78}},"17":{"start":{"line":62,"column":8},"end":{"line":66,"column":9}},"18":{"start":{"line":64,"column":12},"end":{"line":64,"column":46}},"19":{"start":{"line":65,"column":12},"end":{"line":65,"column":65}},"20":{"start":{"line":69,"column":35},"end":{"line":69,"column":91}},"21":{"start":{"line":71,"column":8},"end":{"line":75,"column":9}},"22":{"start":{"line":73,"column":12},"end":{"line":73,"column":48}},"23":{"start":{"line":74,"column":12},"end":{"line":74,"column":64}},"24":{"start":{"line":77,"column":8},"end":{"line":77,"column":44}},"25":{"start":{"line":78,"column":8},"end":{"line":78,"column":34}},"26":{"start":{"line":81,"column":22},"end":{"line":81,"column":62}},"27":{"start":{"line":82,"column":8},"end":{"line":84,"column":10}},"28":{"start":{"line":85,"column":8},"end":{"line":85,"column":39}},"29":{"start":{"line":88,"column":8},"end":{"line":88,"column":34}},"30":{"start":{"line":93,"column":23},"end":{"line":127,"column":1}},"31":{"start":{"line":94,"column":4},"end":{"line":125,"column":5}},"32":{"start":{"line":95,"column":69},"end":{"line":95,"column":77}},"33":{"start":{"line":98,"column":26},"end":{"line":98,"column":66}},"34":{"start":{"line":99,"column":8},"end":{"line":103,"column":9}},"35":{"start":{"line":101,"column":12},"end":{"line":101,"column":46}},"36":{"start":{"line":102,"column":12},"end":{"line":102,"column":65}},"37":{"start":{"line":106,"column":28},"end":{"line":114,"column":10}},"38":{"start":{"line":117,"column":8},"end":{"line":117,"column":72}},"39":{"start":{"line":119,"column":30},"end":{"line":119,"column":54}},"40":{"start":{"line":121,"column":8},"end":{"line":121,"column":44}},"41":{"start":{"line":124,"column":8},"end":{"line":124,"column":34}},"42":{"start":{"line":130,"column":22},"end":{"line":135,"column":1}},"43":{"start":{"line":131,"column":12},"end":{"line":134,"column":50}}},"fnMap":{"0":{"name":"(anonymous_0)","decl":{"start":{"line":7,"column":24},"end":{"line":7,"column":25}},"loc":{"start":{"line":7,"column":42},"end":{"line":50,"column":1}},"line":7},"1":{"name":"(anonymous_1)","decl":{"start":{"line":52,"column":21},"end":{"line":52,"column":22}},"loc":{"start":{"line":52,"column":39},"end":{"line":91,"column":1}},"line":52},"2":{"name":"(anonymous_2)","decl":{"start":{"line":93,"column":23},"end":{"line":93,"column":24}},"loc":{"start":{"line":93,"column":41},"end":{"line":127,"column":1}},"line":93},"3":{"name":"(anonymous_3)","decl":{"start":{"line":130,"column":22},"end":{"line":130,"column":23}},"loc":{"start":{"line":130,"column":35},"end":{"line":135,"column":1}},"line":130}},"branchMap":{"0":{"loc":{"start":{"line":20,"column":8},"end":{"line":45,"column":9}},"type":"if","locations":[{"start":{"line":20,"column":8},"end":{"line":45,"column":9}},{"start":{"line":42,"column":8},"end":{"line":45,"column":9}}],"line":20},"1":{"loc":{"start":{"line":62,"column":8},"end":{"line":66,"column":9}},"type":"if","locations":[{"start":{"line":62,"column":8},"end":{"line":66,"column":9}},{"start":{},"end":{}}],"line":62},"2":{"loc":{"start":{"line":71,"column":8},"end":{"line":75,"column":9}},"type":"if","locations":[{"start":{"line":71,"column":8},"end":{"line":75,"column":9}},{"start":{},"end":{}}],"line":71},"3":{"loc":{"start":{"line":99,"column":8},"end":{"line":103,"column":9}},"type":"if","locations":[{"start":{"line":99,"column":8},"end":{"line":103,"column":9}},{"start":{},"end":{}}],"line":99}},"s":{"0":1,"1":2,"2":2,"3":2,"4":2,"5":2,"6":0,"7":0,"8":0,"9":0,"10":0,"11":2,"12":2,"13":1,"14":3,"15":3,"16":3,"17":3,"18":1,"19":1,"20":2,"21":2,"22":1,"23":1,"24":1,"25":1,"26":1,"27":1,"28":1,"29":0,"30":1,"31":2,"32":2,"33":2,"34":2,"35":1,"36":1,"37":1,"38":1,"39":1,"40":1,"41":0,"42":1,"43":0},"f":{"0":2,"1":3,"2":2,"3":0},"b":{"0":[0,2],"1":[1,2],"2":[1,1],"3":[1,1]},"_coverageSchema":"1a1c01bbd47fc00a2c39e90264f33305004495a9","hash":"2eb8a97c1e1e97257bc0461c9b9c540a5b54fab4"}
,"C:\\Users\\ehb27\\Documents\\GitHub\\COSC4353\\server\\controller\\forms.js": {"path":"C:\\Users\\ehb27\\Documents\\GitHub\\COSC4353\\server\\controller\\forms.js","statementMap":{"0":{"start":{"line":2,"column":12},"end":{"line":9,"column":2}},"1":{"start":{"line":11,"column":26},"end":{"line":21,"column":1}},"2":{"start":{"line":12,"column":4},"end":{"line":20,"column":5}},"3":{"start":{"line":13,"column":22},"end":{"line":13,"column":30}},"4":{"start":{"line":14,"column":8},"end":{"line":14,"column":29}},"5":{"start":{"line":16,"column":8},"end":{"line":16,"column":30}},"6":{"start":{"line":19,"column":8},"end":{"line":19,"column":32}},"7":{"start":{"line":23,"column":23},"end":{"line":35,"column":1}},"8":{"start":{"line":24,"column":4},"end":{"line":34,"column":5}},"9":{"start":{"line":25,"column":26},"end":{"line":25,"column":34}},"10":{"start":{"line":26,"column":8},"end":{"line":26,"column":29}},"11":{"start":{"line":28,"column":23},"end":{"line":28,"column":75}},"12":{"start":{"line":28,"column":43},"end":{"line":28,"column":74}},"13":{"start":{"line":30,"column":8},"end":{"line":30,"column":25}},"14":{"start":{"line":33,"column":8},"end":{"line":33,"column":32}}},"fnMap":{"0":{"name":"(anonymous_0)","decl":{"start":{"line":11,"column":26},"end":{"line":11,"column":27}},"loc":{"start":{"line":11,"column":39},"end":{"line":21,"column":1}},"line":11},"1":{"name":"(anonymous_1)","decl":{"start":{"line":23,"column":23},"end":{"line":23,"column":24}},"loc":{"start":{"line":23,"column":36},"end":{"line":35,"column":1}},"line":23},"2":{"name":"(anonymous_2)","decl":{"start":{"line":28,"column":36},"end":{"line":28,"column":37}},"loc":{"start":{"line":28,"column":43},"end":{"line":28,"column":74}},"line":28}},"branchMap":{},"s":{"0":1,"1":1,"2":0,"3":0,"4":0,"5":0,"6":0,"7":1,"8":0,"9":0,"10":0,"11":0,"12":0,"13":0,"14":0},"f":{"0":0,"1":0,"2":0},"b":{},"_coverageSchema":"1a1c01bbd47fc00a2c39e90264f33305004495a9","hash":"2fa36555f9569717c5248cfee8496f683cbdba41"}
,"C:\\Users\\ehb27\\Documents\\GitHub\\COSC4353\\server\\middleware\\formValidate.js": {"path":"C:\\Users\\ehb27\\Documents\\GitHub\\COSC4353\\server\\middleware\\formValidate.js","statementMap":{"0":{"start":{"line":3,"column":4},"end":{"line":16,"column":5}},"1":{"start":{"line":4,"column":8},"end":{"line":15,"column":9}},"2":{"start":{"line":5,"column":30},"end":{"line":5,"column":61}},"3":{"start":{"line":6,"column":12},"end":{"line":6,"column":32}},"4":{"start":{"line":8,"column":12},"end":{"line":8,"column":45}},"5":{"start":{"line":9,"column":12},"end":{"line":9,"column":18}},"6":{"start":{"line":12,"column":12},"end":{"line":12,"column":31}},"7":{"start":{"line":13,"column":12},"end":{"line":13,"column":18}}},"fnMap":{"0":{"name":"validate","decl":{"start":{"line":2,"column":9},"end":{"line":2,"column":17}},"loc":{"start":{"line":2,"column":26},"end":{"line":17,"column":1}},"line":2},"1":{"name":"(anonymous_1)","decl":{"start":{"line":3,"column":11},"end":{"line":3,"column":12}},"loc":{"start":{"line":3,"column":37},"end":{"line":16,"column":5}},"line":3}},"branchMap":{},"s":{"0":1,"1":0,"2":0,"3":0,"4":0,"5":0,"6":0,"7":0},"f":{"0":1,"1":0},"b":{},"_coverageSchema":"1a1c01bbd47fc00a2c39e90264f33305004495a9","hash":"08d629c4a61ec13097c3e214bfff24925b6a3af1"}
,"C:\\Users\\ehb27\\Documents\\GitHub\\COSC4353\\server\\middleware\\validate.js": {"path":"C:\\Users\\ehb27\\Documents\\GitHub\\COSC4353\\server\\middleware\\validate.js","statementMap":{"0":{"start":{"line":4,"column":2},"end":{"line":16,"column":4}},"1":{"start":{"line":5,"column":4},"end":{"line":15,"column":5}},"2":{"start":{"line":6,"column":28},"end":{"line":6,"column":59}},"3":{"start":{"line":9,"column":6},"end":{"line":9,"column":31}},"4":{"start":{"line":10,"column":6},"end":{"line":10,"column":40}},"5":{"start":{"line":11,"column":6},"end":{"line":11,"column":13}},"6":{"start":{"line":13,"column":6},"end":{"line":13,"column":36}},"7":{"start":{"line":14,"column":6},"end":{"line":14,"column":13}}},"fnMap":{"0":{"name":"validate","decl":{"start":{"line":3,"column":9},"end":{"line":3,"column":17}},"loc":{"start":{"line":3,"column":26},"end":{"line":17,"column":1}},"line":3},"1":{"name":"(anonymous_1)","decl":{"start":{"line":4,"column":9},"end":{"line":4,"column":10}},"loc":{"start":{"line":4,"column":35},"end":{"line":16,"column":3}},"line":4}},"branchMap":{},"s":{"0":2,"1":4,"2":4,"3":4,"4":4,"5":4,"6":0,"7":0},"f":{"0":2,"1":4},"b":{},"_coverageSchema":"1a1c01bbd47fc00a2c39e90264f33305004495a9","hash":"2c865f0ff2de87d907718000283e3a589275e76d"}
,"C:\\Users\\ehb27\\Documents\\GitHub\\COSC4353\\server\\models\\User.js": {"path":"C:\\Users\\ehb27\\Documents\\GitHub\\COSC4353\\server\\models\\User.js","statementMap":{"0":{"start":{"line":4,"column":19},"end":{"line":23,"column":1}},"1":{"start":{"line":25,"column":13},"end":{"line":25,"column":47}}},"fnMap":{},"branchMap":{},"s":{"0":1,"1":1},"f":{},"b":{},"_coverageSchema":"1a1c01bbd47fc00a2c39e90264f33305004495a9","hash":"97f3a4fc628f525b343b429b61efaa84d64a8c7a"}
,"C:\\Users\\ehb27\\Documents\\GitHub\\COSC4353\\server\\models\\userInfo.js": {"path":"C:\\Users\\ehb27\\Documents\\GitHub\\COSC4353\\server\\models\\userInfo.js","statementMap":{"0":{"start":{"line":4,"column":23},"end":{"line":44,"column":1}},"1":{"start":{"line":46,"column":17},"end":{"line":46,"column":59}}},"fnMap":{},"branchMap":{},"s":{"0":1,"1":1},"f":{},"b":{},"_coverageSchema":"1a1c01bbd47fc00a2c39e90264f33305004495a9","hash":"d98fb0e914ffa00c3b75097b27641aad5c1119bd"}
,"C:\\Users\\ehb27\\Documents\\GitHub\\COSC4353\\server\\routes\\auth.js": {"path":"C:\\Users\\ehb27\\Documents\\GitHub\\COSC4353\\server\\routes\\auth.js","statementMap":{"0":{"start":{"line":8,"column":15},"end":{"line":8,"column":31}},"1":{"start":{"line":10,"column":0},"end":{"line":10,"column":55}},"2":{"start":{"line":11,"column":0},"end":{"line":11,"column":29}},"3":{"start":{"line":12,"column":0},"end":{"line":12,"column":31}},"4":{"start":{"line":13,"column":0},"end":{"line":13,"column":57}}},"fnMap":{},"branchMap":{},"s":{"0":1,"1":1,"2":1,"3":1,"4":1},"f":{},"b":{},"_coverageSchema":"1a1c01bbd47fc00a2c39e90264f33305004495a9","hash":"ba87852908e5a9ab590b635d45685e0feb80918d"}
,"C:\\Users\\ehb27\\Documents\\GitHub\\COSC4353\\server\\routes\\form.js": {"path":"C:\\Users\\ehb27\\Documents\\GitHub\\COSC4353\\server\\routes\\form.js","statementMap":{"0":{"start":{"line":7,"column":15},"end":{"line":7,"column":31}},"1":{"start":{"line":10,"column":0},"end":{"line":10,"column":67}}},"fnMap":{},"branchMap":{},"s":{"0":1,"1":1},"f":{},"b":{},"_coverageSchema":"1a1c01bbd47fc00a2c39e90264f33305004495a9","hash":"7cb94275582f7cb6068fd3a24f1b86781688051c"}
,"C:\\Users\\ehb27\\Documents\\GitHub\\COSC4353\\server\\schemas\\accInfoSchema.js": {"path":"C:\\Users\\ehb27\\Documents\\GitHub\\COSC4353\\server\\schemas\\accInfoSchema.js","statementMap":{"0":{"start":{"line":3,"column":20},"end":{"line":10,"column":2}}},"fnMap":{},"branchMap":{},"s":{"0":1},"f":{},"b":{},"_coverageSchema":"1a1c01bbd47fc00a2c39e90264f33305004495a9","hash":"3e907c64735fb55705d36d209b6748d82062b033"}
,"C:\\Users\\ehb27\\Documents\\GitHub\\COSC4353\\server\\schemas\\loginSchema.js": {"path":"C:\\Users\\ehb27\\Documents\\GitHub\\COSC4353\\server\\schemas\\loginSchema.js","statementMap":{"0":{"start":{"line":3,"column":18},"end":{"line":6,"column":2}}},"fnMap":{},"branchMap":{},"s":{"0":1},"f":{},"b":{},"_coverageSchema":"1a1c01bbd47fc00a2c39e90264f33305004495a9","hash":"296fffae07543171db18141dd70bb920ed56ab2c"}
,"C:\\Users\\ehb27\\Documents\\GitHub\\COSC4353\\server\\schemas\\quoteFormSchema.js": {"path":"C:\\Users\\ehb27\\Documents\\GitHub\\COSC4353\\server\\schemas\\quoteFormSchema.js","statementMap":{"0":{"start":{"line":3,"column":22},"end":{"line":9,"column":2}}},"fnMap":{},"branchMap":{},"s":{"0":1},"f":{},"b":{},"_coverageSchema":"1a1c01bbd47fc00a2c39e90264f33305004495a9","hash":"66751b44ff8ec940f13aec8a50ba72e3e67ac1f2"}
,"C:\\Users\\ehb27\\Documents\\GitHub\\COSC4353\\server\\schemas\\regSchema.js": {"path":"C:\\Users\\ehb27\\Documents\\GitHub\\COSC4353\\server\\schemas\\regSchema.js","statementMap":{"0":{"start":{"line":10,"column":16},"end":{"line":15,"column":2}}},"fnMap":{},"branchMap":{},"s":{"0":1},"f":{},"b":{},"_coverageSchema":"1a1c01bbd47fc00a2c39e90264f33305004495a9","hash":"cc3c7539d46ed4c42ca93f60c37ecc26608e3798"}
,"C:\\Users\\ehb27\\Documents\\GitHub\\COSC4353\\server\\utils\\helpers.js": {"path":"C:\\Users\\ehb27\\Documents\\GitHub\\COSC4353\\server\\utils\\helpers.js","statementMap":{"0":{"start":{"line":5,"column":28},"end":{"line":8,"column":3}},"1":{"start":{"line":6,"column":17},"end":{"line":6,"column":39}},"2":{"start":{"line":7,"column":4},"end":{"line":7,"column":43}},"3":{"start":{"line":10,"column":31},"end":{"line":12,"column":3}},"4":{"start":{"line":11,"column":4},"end":{"line":11,"column":41}}},"fnMap":{"0":{"name":"(anonymous_0)","decl":{"start":{"line":5,"column":28},"end":{"line":5,"column":29}},"loc":{"start":{"line":5,"column":42},"end":{"line":8,"column":3}},"line":5},"1":{"name":"(anonymous_1)","decl":{"start":{"line":10,"column":31},"end":{"line":10,"column":32}},"loc":{"start":{"line":10,"column":46},"end":{"line":12,"column":3}},"line":10}},"branchMap":{},"s":{"0":1,"1":0,"2":0,"3":1,"4":2},"f":{"0":0,"1":2},"b":{},"_coverageSchema":"1a1c01bbd47fc00a2c39e90264f33305004495a9","hash":"923b928d9759c904f0a4f857100b1d6ab81522b6"}
}
