TN:
SF:app.js
FN:18,(anonymous_0)
FN:20,main
FNF:2
FNH:1
FNDA:0,(anonymous_0)
FNDA:1,main
DA:10,1
DA:11,1
DA:12,1
DA:13,1
DA:15,1
DA:16,1
DA:18,1
DA:21,1
LF:8
LH:8
BRF:0
BRH:0
end_of_record
TN:
SF:controller\auth.js
FN:7,(anonymous_0)
FN:52,(anonymous_1)
FN:93,(anonymous_2)
FN:130,(anonymous_3)
FNF:4
FNH:3
FNDA:2,(anonymous_0)
FNDA:3,(anonymous_1)
FNDA:2,(anonymous_2)
FNDA:0,(anonymous_3)
DA:7,1
DA:8,2
DA:14,2
DA:16,2
DA:17,2
DA:20,2
DA:25,0
DA:28,0
DA:36,0
DA:38,0
DA:39,0
DA:43,2
DA:44,2
DA:52,1
DA:53,3
DA:55,3
DA:59,3
DA:62,3
DA:64,1
DA:65,1
DA:69,2
DA:71,2
DA:73,1
DA:74,1
DA:77,1
DA:78,1
DA:81,1
DA:82,1
DA:85,1
DA:88,0
DA:93,1
DA:94,2
DA:95,2
DA:98,2
DA:99,2
DA:101,1
DA:102,1
DA:106,1
DA:117,1
DA:119,1
DA:121,1
DA:124,0
DA:130,1
DA:131,0
LF:44
LH:36
BRDA:20,0,0,0
BRDA:20,0,1,2
BRDA:62,1,0,1
BRDA:62,1,1,2
BRDA:71,2,0,1
BRDA:71,2,1,1
BRDA:99,3,0,1
BRDA:99,3,1,1
BRF:8
BRH:7
end_of_record
TN:
SF:controller\forms.js
FN:11,(anonymous_0)
FN:23,(anonymous_1)
FN:28,(anonymous_2)
FNF:3
FNH:0
FNDA:0,(anonymous_0)
FNDA:0,(anonymous_1)
FNDA:0,(anonymous_2)
DA:2,1
DA:11,1
DA:12,0
DA:13,0
DA:14,0
DA:16,0
DA:19,0
DA:23,1
DA:24,0
DA:25,0
DA:26,0
DA:28,0
DA:30,0
DA:33,0
LF:14
LH:3
BRF:0
BRH:0
end_of_record
TN:
SF:middleware\formValidate.js
FN:2,validate
FN:3,(anonymous_1)
FNF:2
FNH:1
FNDA:1,validate
FNDA:0,(anonymous_1)
DA:3,1
DA:4,0
DA:5,0
DA:6,0
DA:8,0
DA:9,0
DA:12,0
DA:13,0
LF:8
LH:1
BRF:0
BRH:0
end_of_record
TN:
SF:middleware\validate.js
FN:3,validate
FN:4,(anonymous_1)
FNF:2
FNH:2
FNDA:2,validate
FNDA:4,(anonymous_1)
DA:4,2
DA:5,4
DA:6,4
DA:9,4
DA:10,4
DA:11,4
DA:13,0
DA:14,0
LF:8
LH:6
BRF:0
BRH:0
end_of_record
TN:
SF:models\User.js
FNF:0
FNH:0
DA:4,1
DA:25,1
LF:2
LH:2
BRF:0
BRH:0
end_of_record
TN:
SF:models\userInfo.js
FNF:0
FNH:0
DA:4,1
DA:46,1
LF:2
LH:2
BRF:0
BRH:0
end_of_record
TN:
SF:routes\auth.js
FNF:0
FNH:0
DA:8,1
DA:10,1
DA:11,1
DA:12,1
DA:13,1
LF:5
LH:5
BRF:0
BRH:0
end_of_record
TN:
SF:routes\form.js
FNF:0
FNH:0
DA:7,1
DA:10,1
LF:2
LH:2
BRF:0
BRH:0
end_of_record
TN:
SF:schemas\accInfoSchema.js
FNF:0
FNH:0
DA:3,1
LF:1
LH:1
BRF:0
BRH:0
end_of_record
TN:
SF:schemas\loginSchema.js
FNF:0
FNH:0
DA:3,1
LF:1
LH:1
BRF:0
BRH:0
end_of_record
TN:
SF:schemas\quoteFormSchema.js
FNF:0
FNH:0
DA:3,1
LF:1
LH:1
BRF:0
BRH:0
end_of_record
TN:
SF:schemas\regSchema.js
FNF:0
FNH:0
DA:10,1
LF:1
LH:1
BRF:0
BRH:0
end_of_record
TN:
SF:utils\helpers.js
FN:5,(anonymous_0)
FN:10,(anonymous_1)
FNF:2
FNH:1
FNDA:0,(anonymous_0)
FNDA:2,(anonymous_1)
DA:5,1
DA:6,0
DA:7,0
DA:10,1
DA:11,2
LF:5
LH:3
BRF:0
BRH:0
end_of_record
