TN:
SF:app.js
FNF:0
FNH:0
DA:7,1
DA:8,1
DA:9,1
DA:11,1
LF:4
LH:4
BRF:0
BRH:0
end_of_record
TN:
SF:controller\auth.js
FN:21,(anonymous_0)
FN:26,(anonymous_1)
FN:49,(anonymous_2)
FN:55,(anonymous_3)
FN:91,(anonymous_4)
FN:95,(anonymous_5)
FNF:6
FNH:6
FNDA:2,(anonymous_0)
FNDA:2,(anonymous_1)
FNDA:3,(anonymous_2)
FNDA:4,(anonymous_3)
FNDA:2,(anonymous_4)
FNDA:3,(anonymous_5)
DA:5,1
DA:21,1
DA:22,2
DA:24,2
DA:26,2
DA:27,2
DA:34,1
DA:35,1
DA:36,1
DA:40,1
DA:41,1
DA:49,1
DA:50,3
DA:52,3
DA:55,4
DA:56,3
DA:58,1
DA:59,1
DA:65,2
DA:67,1
DA:68,1
DA:71,1
DA:72,1
DA:75,1
DA:76,1
DA:79,1
DA:84,0
DA:91,1
DA:92,2
DA:93,2
DA:95,3
DA:97,2
DA:99,1
DA:100,1
DA:103,1
DA:104,1
DA:105,1
DA:106,1
DA:107,1
DA:108,1
DA:109,1
DA:113,1
DA:116,0
LF:43
LH:41
BRDA:27,0,0,1
BRDA:27,0,1,1
BRDA:56,1,0,1
BRDA:56,1,1,2
BRDA:65,2,0,1
BRDA:65,2,1,1
BRDA:97,3,0,1
BRDA:97,3,1,1
BRF:8
BRH:8
end_of_record
TN:
SF:middleware\validate.js
FN:3,validate
FN:4,(anonymous_1)
FNF:2
FNH:2
FNDA:2,validate
FNDA:4,(anonymous_1)
DA:4,2
DA:5,4
DA:6,4
DA:9,4
DA:10,4
DA:11,4
DA:13,0
DA:14,0
LF:8
LH:6
BRF:0
BRH:0
end_of_record
TN:
SF:routes\auth.js
FNF:0
FNH:0
DA:8,1
DA:10,1
DA:11,1
DA:12,1
LF:4
LH:4
BRF:0
BRH:0
end_of_record
TN:
SF:schemas\accInfoSchema.js
FNF:0
FNH:0
DA:3,1
LF:1
LH:1
BRF:0
BRH:0
end_of_record
TN:
SF:schemas\loginSchema.js
FNF:0
FNH:0
DA:3,1
LF:1
LH:1
BRF:0
BRH:0
end_of_record
TN:
SF:schemas\regSchema.js
FNF:0
FNH:0
DA:10,1
LF:1
LH:1
BRF:0
BRH:0
end_of_record
